#
# A fatal error has been detected by the Java Runtime Environment:
#
#  SIGSEGV (0xb) at pc=0x00007fa1c42f6401, pid=22702, tid=22718
#
# JRE version: OpenJDK Runtime Environment (11.0.10+9) (build 11.0.10+9-Ubuntu-0ubuntu1.18.04)
# Java VM: OpenJDK 64-Bit Server VM (11.0.10+9-Ubuntu-0ubuntu1.18.04, mixed mode, sharing, tiered, compressed oops, g1 gc, linux-amd64)
# Problematic frame:
# C  [libjimage.so+0x2401]
#
# Core dump will be written. Default location: Core dumps may be processed with "/usr/share/apport/apport %p %s %c %d %P %E" (or dumping to /home/alphagoat/eclipse-workspace/MiniJavaCompiler/core.22702)
#
# If you would like to submit a bug report, please visit:
#   https://bugs.launchpad.net/ubuntu/+source/openjdk-lts
#

---------------  S U M M A R Y ------------

Command Line: -agentlib:jdwp=transport=dt_socket,suspend=y,address=localhost:40045 -javaagent:/home/alphagoat/.eclipse/360744286_linux_gtk_x86_64/configuration/org.eclipse.osgi/222/0/.cp/lib/javaagent-shaded.jar -Dfile.encoding=UTF-8 main.Compiler /home/alphagoat/CodingPractice/Java/CSE_5251/MiniJavaSamples/BadSamples/Error.java

Host: Intel(R) Core(TM) i7-9750H CPU @ 2.60GHz, 12 cores, 7G, Ubuntu 18.04.5 LTS
Time: Wed Mar 24 09:12:38 2021 CDT elapsed time: 211.544780 seconds (0d 0h 3m 31s)

---------------  T H R E A D  ---------------

Current thread (0x00007fa1c0199800):  JavaThread "Signal Dispatcher" daemon [_thread_in_vm, id=22718, stack(0x00007fa196913000,0x00007fa196a14000)]

Stack: [0x00007fa196913000,0x00007fa196a14000]